2025-11-09T14:18:06.215716100 -|- danila -|- Регистрация нового пользователя: danila роль: USER
2025-11-09T14:18:18.332450500 -|- danila -|- Вход пользователя в систему
2025-11-09T14:18:29.653380900 -|- danila2 -|- Регистрация нового пользователя: danila2 роль: SELLER
2025-11-09T14:18:38.877297700 -|- danila2 -|- Вход пользователя в систему
2025-11-09T14:19:09.721462500 -|- danila2 -|- добавил товар: Coat
2025-11-09T14:20:22.683642700 -|- danila2 -|- добавил товар: Jacket 22081
2025-11-09T14:21:03.311122200 -|- danila2 -|- добавил товар: Pants 14
2025-11-09T14:21:26.749752300 -|- danila -|- Вход пользователя в систему
2025-11-09T14:21:54.988954900 -|- danila3 -|- Регистрация нового пользователя: danila3 роль: SELLER
2025-11-09T14:22:03.831269300 -|- danila3 -|- Вход пользователя в систему
2025-11-09T14:22:50.060895700 -|- danila3 -|- добавил товар: underpants 19
2025-11-09T14:23:17.881143100 -|- danila -|- Вход пользователя в систему
2025-11-09T14:24:17.086824400 -|- danila -|- Вход пользователя в систему
2025-11-09T14:45:47.601348100 -|- danila -|- Регистрация нового пользователя: danila роль: SELLER
2025-11-09T14:45:54.170185 -|- danila -|- Вход пользователя в систему
2025-11-09T14:46:14.695521 -|- danila -|- Вход пользователя в систему
2025-11-09T14:50:51.630605500 -|- danila -|- Вход пользователя в систему
2025-11-16T22:12:06.658000900 -|- admin -|- вход в систему
2025-11-16T22:12:40.944864900 -|- admin -|- добавил товар: КомпЬютер
2025-11-16T22:12:59.005393900 -|- admin -|- удалил товар: КомпЬютер
2025-11-16T22:13:19.138625200 -|- admin -|- добавил товар: Компьютер
2025-11-16T22:14:03.796078800 -|- admin -|- выход из системы
2025-11-16T22:21:25.439067 -|- danila -|- регистрация (роль: SELLER)
2025-11-16T22:21:31.749598600 -|- danila -|- вход в систему
2025-11-16T22:21:56.532056100 -|- danila -|- создал бренд: Buyer
2025-11-16T22:25:47.724134900 -|- danila -|- добавил товар: Айфон 17
2025-11-16T22:26:19.955356300 -|- danila -|- отредактировал товар: Айфон 10
2025-11-16T22:27:04.396480500 -|- danila -|- выход из системы
